c:\users\qiu\desktop\_模拟页式存储\模拟页式存储\debug\模拟页式存储.pch
c:\users\qiu\desktop\_模拟页式存储\模拟页式存储\debug\vc120.pdb
c:\users\qiu\desktop\_模拟页式存储\模拟页式存储\debug\vc120.idb
c:\users\qiu\desktop\_模拟页式存储\模拟页式存储\debug\stdafx.obj
c:\users\qiu\desktop\_模拟页式存储\模拟页式存储\debug\thread.obj
c:\users\qiu\desktop\_模拟页式存储\模拟页式存储\debug\模拟页式存储.obj
c:\users\qiu\desktop\_模拟页式存储\模拟页式存储\debug\模拟页式存储dlg.obj
c:\users\qiu\desktop\_模拟页式存储\debug\模拟页式存储.ilk
c:\users\qiu\desktop\_模拟页式存储\debug\模拟页式存储.exe
c:\users\qiu\desktop\_模拟页式存储\debug\模拟页式存储.pdb
c:\users\qiu\desktop\_模拟页式存储\模拟页式存储\debug\模拟页式存储.res
c:\users\qiu\desktop\_模拟页式存储\模拟页式存储\debug\模拟页式存储.tlog\cl.command.1.tlog
c:\users\qiu\desktop\_模拟页式存储\模拟页式存储\debug\模拟页式存储.tlog\cl.read.1.tlog
c:\users\qiu\desktop\_模拟页式存储\模拟页式存储\debug\模拟页式存储.tlog\cl.write.1.tlog
c:\users\qiu\desktop\_模拟页式存储\模拟页式存储\debug\模拟页式存储.tlog\link.command.1.tlog
c:\users\qiu\desktop\_模拟页式存储\模拟页式存储\debug\模拟页式存储.tlog\link.read.1.tlog
c:\users\qiu\desktop\_模拟页式存储\模拟页式存储\debug\模拟页式存储.tlog\link.write.1.tlog
c:\users\qiu\desktop\_模拟页式存储\模拟页式存储\debug\模拟页式存储.tlog\rc.command.1.tlog
c:\users\qiu\desktop\_模拟页式存储\模拟页式存储\debug\模拟页式存储.tlog\rc.read.1.tlog
c:\users\qiu\desktop\_模拟页式存储\模拟页式存储\debug\模拟页式存储.tlog\rc.write.1.tlog
